[debug] [2025-02-12T20:25:19.153Z] ----------------------------------------------------------------------
[debug] [2025-02-12T20:25:19.158Z] Command:       C:\Program Files\nodejs\node.exe C:\Users\Rafa\AppData\Roaming\npm\node_modules\firebase-tools\lib\bin\firebase.js emulators:start --only functions
[debug] [2025-02-12T20:25:19.158Z] CLI Version:   13.30.0
[debug] [2025-02-12T20:25:19.159Z] Platform:      win32
[debug] [2025-02-12T20:25:19.159Z] Node Version:  v22.12.0
[debug] [2025-02-12T20:25:19.160Z] Time:          Wed Feb 12 2025 17:25:19 GMT-0300 (Horário Padrão de Brasília)
[debug] [2025-02-12T20:25:19.160Z] ----------------------------------------------------------------------
[debug] 
[debug] [2025-02-12T20:25:19.702Z] > command requires scopes: ["email","openid","https://www.googleapis.com/auth/cloudplatformprojects.readonly","https://www.googleapis.com/auth/firebase","https://www.googleapis.com/auth/cloud-platform"]
[debug] [2025-02-12T20:25:19.703Z] > authorizing via signed-in user (rafel0017@gmail.com)
[info] i  emulators: Starting emulators: functions {"metadata":{"emulator":{"name":"hub"},"message":"Starting emulators: functions"}}
[debug] [2025-02-12T20:25:19.724Z] [logging] Logging Emulator only supports listening on one address (127.0.0.1). Not listening on ::1
[debug] [2025-02-12T20:25:19.725Z] assigned listening specs for emulators {"user":{"hub":[{"address":"127.0.0.1","family":"IPv4","port":4400},{"address":"::1","family":"IPv6","port":4400}],"ui":[{"address":"127.0.0.1","family":"IPv4","port":4000},{"address":"::1","family":"IPv6","port":4000}],"logging":[{"address":"127.0.0.1","family":"IPv4","port":4500}]},"metadata":{"message":"assigned listening specs for emulators"}}
[debug] [2025-02-12T20:25:19.732Z] [hub] writing locator at C:\Users\Rafa\AppData\Local\Temp\hub-e-commerce-702b1.json
[debug] [2025-02-12T20:25:19.771Z] [functions] Functions Emulator only supports listening on one address (127.0.0.1). Not listening on ::1
[debug] [2025-02-12T20:25:19.771Z] [eventarc] Eventarc Emulator only supports listening on one address (127.0.0.1). Not listening on ::1
[debug] [2025-02-12T20:25:19.772Z] [tasks] Cloud Tasks Emulator only supports listening on one address (127.0.0.1). Not listening on ::1
[debug] [2025-02-12T20:25:19.772Z] late-assigned ports for functions and eventarc emulators {"user":{"hub":[{"address":"127.0.0.1","family":"IPv4","port":4400},{"address":"::1","family":"IPv6","port":4400}],"ui":[{"address":"127.0.0.1","family":"IPv4","port":4000},{"address":"::1","family":"IPv6","port":4000}],"logging":[{"address":"127.0.0.1","family":"IPv4","port":4500}],"functions":[{"address":"127.0.0.1","family":"IPv4","port":5001}],"eventarc":[{"address":"127.0.0.1","family":"IPv4","port":9299}],"tasks":[{"address":"127.0.0.1","family":"IPv4","port":9499}]},"metadata":{"message":"late-assigned ports for functions and eventarc emulators"}}
[warn] !  functions: The following emulators are not running, calls to these services from the Functions emulator will affect production: apphosting, auth, firestore, database, hosting, pubsub, storage, dataconnect {"metadata":{"emulator":{"name":"functions"},"message":"The following emulators are not running, calls to these services from the Functions emulator will affect production: \u001b[1mapphosting, auth, firestore, database, hosting, pubsub, storage, dataconnect\u001b[22m"}}
[debug] [2025-02-12T20:25:19.777Z] defaultcredentials: writing to file C:\Users\Rafa\AppData\Roaming\firebase\rafel0017_gmail_com_application_default_credentials.json
[debug] [2025-02-12T20:25:19.781Z] Setting GAC to C:\Users\Rafa\AppData\Roaming\firebase\rafel0017_gmail_com_application_default_credentials.json {"metadata":{"emulator":{"name":"functions"},"message":"Setting GAC to C:\\Users\\Rafa\\AppData\\Roaming\\firebase\\rafel0017_gmail_com_application_default_credentials.json"}}
[debug] [2025-02-12T20:25:19.783Z] Checked if tokens are valid: true, expires at: 1739392844866
[debug] [2025-02-12T20:25:19.783Z] Checked if tokens are valid: true, expires at: 1739392844866
[debug] [2025-02-12T20:25:19.787Z] >>> [apiv2][query] GET https://firebase.googleapis.com/v1beta1/projects/e-commerce-702b1/adminSdkConfig [none]
[debug] [2025-02-12T20:25:20.307Z] <<< [apiv2][status] GET https://firebase.googleapis.com/v1beta1/projects/e-commerce-702b1/adminSdkConfig 200
[debug] [2025-02-12T20:25:20.307Z] <<< [apiv2][body] GET https://firebase.googleapis.com/v1beta1/projects/e-commerce-702b1/adminSdkConfig {"projectId":"e-commerce-702b1","storageBucket":"e-commerce-702b1.firebasestorage.app"}
[info] i  functions: Watching "C:\Users\Rafa\Desktop\node_ecommerce\ecommerce\functions" for Cloud Functions... {"metadata":{"emulator":{"name":"functions"},"message":"Watching \"C:\\Users\\Rafa\\Desktop\\node_ecommerce\\ecommerce\\functions\" for Cloud Functions..."}}
[debug] [2025-02-12T20:25:20.363Z] Validating nodejs source
[debug] [2025-02-12T20:25:22.621Z] > [functions] package.json contents: {
  "name": "functions",
  "version": "1.0.0",
  "main": "./lib/server.js",
  "type": "module",
  "scripts": {
    "lint": "eslint --ext .js,.ts .",
    "build": "tsc",
    "build:watch": "tsc --watch",
    "start": "firebase emulators:start --only functions",
    "deploy": "firebase deploy --only functions",
    "logs": "firebase functions:log"
  },
  "engines": {
    "node": "22"
  },
  "dependencies": {
    "firebase-admin": "^13.0.2",
    "firebase-functions": "^6.0.1",
    "celebrate": "^15.0.3",
    "cloudinary": "^2.5.1",
    "dayjs": "^1.11.13",
    "express": "^4.21.2",
    "express-async-handler": "^1.2.0",
    "file-type": "^20.0.1",
    "firebase": "^11.2.0"
  },
  "devDependencies": {
    "@typescript-eslint/eslint-plugin": "^5.12.0",
    "@typescript-eslint/parser": "^5.12.0",
    "eslint": "^8.9.0",
    "eslint-config-google": "^0.14.0",
    "eslint-plugin-import": "^2.25.4",
    "@types/express": "^5.0.0",
    "@types/node": "^22.12.0",
    "firebase-functions-test": "^3.1.0",
    "typescript": "^4.9.0"
  },
  "private": true
}
[debug] [2025-02-12T20:25:22.622Z] Building nodejs source
[debug] [2025-02-12T20:25:22.623Z] Failed to find version of module node: reached end of search path C:\Users\Rafa\Desktop\node_ecommerce\ecommerce\functions\node_modules
[info] +  functions: Using node@22 from host. 
[info] i  functions: Loaded environment variables from .env. 
[debug] [2025-02-12T20:25:22.629Z] Could not find functions.yaml. Must use http discovery
[debug] [2025-02-12T20:25:22.653Z] Found firebase-functions binary at 'C:\Users\Rafa\Desktop\node_ecommerce\ecommerce\functions\node_modules\.bin\firebase-functions'
